<?xml version="1.0" encoding="UTF-8"?>
<testsuite name="example.ClassyHelloTest" tests="1" skipped="0" failures="0" errors="0" timestamp="2016-08-17T17:48:40" hostname="Mielikki" time="0.001">
  <properties/>
  <testcase name="test" classname="example.ClassyHelloTest" time="0.001"/>
  <system-out><![CDATA[]]></system-out>
  <system-err><![CDATA[]]></system-err>
</testsuite>
